<?xml version="1.0" encoding="UTF-8"?>
<!-- Generated by org.testng.reporters.JUnitReportReporter -->
<testsuite hostname="LAU03004530" name="suite.MainAppTest" tests="1" failures="0" timestamp="29 Aug 2017 06:20:56 GMT" time="2.620" errors="0">
  <testcase name="emulatorTest" time="2.620" classname="suite.MainAppTest"/>
</testsuite> <!-- suite.MainAppTest -->
